<?xml version="1.0" encoding="UTF-8"?>
<!-- Generated by org.testng.reporters.JUnitReportReporter -->
<testsuite skipped="0" hostname="Gustavos-MacBook-Pro.local" name="com.mycompany.test.DzoneTestCase" tests="1" failures="0" timestamp="28 Nov 2019 13:19:28 GMT" time="2.132" errors="0">
  <testcase name="verifyJoin" time="2.132" classname="com.mycompany.test.DzoneTestCase"/>
</testsuite> <!-- com.mycompany.test.DzoneTestCase -->
