<?xml version="1.0" encoding="UTF-8"?>
<!-- Generated by org.testng.reporters.JUnitReportReporter -->
<testsuite skipped="5" hostname="Gustavos-MacBook-Pro.local" name="com.mycompany.test.TestCalculator" tests="5" failures="0" timestamp="27 Nov 2019 20:05:37 GMT" time="0.000" errors="0">
  <testcase name="numbersGreaterThan100AreIgnored" time="0.000" classname="com.mycompany.test.TestCalculator">
    <skipped/>
  </testcase> <!-- numbersGreaterThan100AreIgnored -->
  <testcase name="negativeNumberThrowException" time="0.000" classname="com.mycompany.test.TestCalculator">
    <skipped/>
  </testcase> <!-- negativeNumberThrowException -->
  <testcase name="twoNumsCommaDelimitedReturnSum" time="0.000" classname="com.mycompany.test.TestCalculator">
    <skipped/>
  </testcase> <!-- twoNumsCommaDelimitedReturnSum -->
  <testcase name="threeNumsCommaDelimitedReturnSum" time="0.000" classname="com.mycompany.test.TestCalculator">
    <skipped/>
  </testcase> <!-- threeNumsCommaDelimitedReturnSum -->
  <testcase name="emptyStringReturnZero" time="0.000" classname="com.mycompany.test.TestCalculator">
    <skipped/>
  </testcase> <!-- emptyStringReturnZero -->
</testsuite> <!-- com.mycompany.test.TestCalculator -->
