<?xml version="1.0" encoding="UTF-8"?>
<!-- Generated by org.testng.reporters.JUnitReportReporter -->
<testsuite skipped="0" hostname="Gustavos-MacBook-Pro.local" name="com.mycompany.test.SeleniumTestNGTest" tests="2" failures="0" timestamp="28 Nov 2019 12:55:08 GMT" time="8.067" errors="0">
  <testcase name="verifyHomePage" time="0.008" classname="com.mycompany.test.SeleniumTestNGTest"/>
  <testcase name="verifySearch" time="8.059" classname="com.mycompany.test.SeleniumTestNGTest"/>
</testsuite> <!-- com.mycompany.test.SeleniumTestNGTest -->
